#
# There is insufficient memory for the Java Runtime Environment to continue.
# Native memory allocation (malloc) failed to allocate 238176 bytes for Chunk::new
# Possible reasons:
#   The system is out of physical RAM or swap space
#   The process is running with CompressedOops enabled, and the Java Heap may be blocking the growth of the native heap
# Possible solutions:
#   Reduce memory load on the system
#   Increase physical memory or swap space
#   Check if swap backing store is full
#   Decrease Java heap size (-Xmx/-Xms)
#   Decrease number of Java threads
#   Decrease Java thread stack sizes (-Xss)
#   Set larger code cache with -XX:ReservedCodeCacheSize=
#   JVM is running with Unscaled Compressed Oops mode in which the Java heap is
#     placed in the first 4GB address space. The Java Heap base address is the
#     maximum limit for the native heap growth. Please use -XX:HeapBaseMinAddress
#     to set the Java Heap base and to place the Java Heap above 4GB virtual address.
# This output file may be truncated or incomplete.
#
#  Out of Memory Error (arena.cpp:189), pid=10672, tid=11124
#
# JRE version: Java(TM) SE Runtime Environment (17.0.4.1+1) (build 17.0.4.1+1-LTS-2)
# Java VM: Java HotSpot(TM) 64-Bit Server VM (17.0.4.1+1-LTS-2, mixed mode, sharing, tiered, compressed oops, compressed class ptrs, g1 gc, windows-amd64)
# No core dump will be written. Minidumps are not enabled by default on client versions of Windows
#

---------------  S U M M A R Y ------------

Command Line: -Dfile.encoding=UTF-8 -XX:+ShowCodeDetailsInExceptionMessages com.himanshu.finance.internetbankingapigateway.InternetBankingApiGatewayApplication

Host: Intel(R) Core(TM) i7-4510U CPU @ 2.00GHz, 4 cores, 7G,  Windows 10 , 64 bit Build 19041 (10.0.19041.1889)
Time: Mon Sep 26 22:30:58 2022 India Standard Time elapsed time: 68.667396 seconds (0d 0h 1m 8s)

---------------  T H R E A D  ---------------

Current thread (0x0000020e39b14640):  JavaThread "C2 CompilerThread0" daemon [_thread_in_native, id=11124, stack(0x000000783f500000,0x000000783f600000)]


Current CompileTask:
C2:  68667 5097       4       sun.nio.cs.UTF_8$Decoder::decodeArrayLoop (688 bytes)

Stack: [0x000000783f500000,0x000000783f600000]
Native frames: (J=compiled Java code, j=interpreted, Vv=VM code, C=native code)
V  [jvm.dll+0x6723ba]
V  [jvm.dll+0x7d1e34]
V  [jvm.dll+0x7d35de]
V  [jvm.dll+0x7d3c43]
V  [jvm.dll+0x243065]
V  [jvm.dll+0xaa57b]
V  [jvm.dll+0xaab0c]
V  [jvm.dll+0x2a9dcf]
V  [jvm.dll+0x57a7f7]
V  [jvm.dll+0x21e342]
V  [jvm.dll+0x21e71f]
V  [jvm.dll+0x217ff5]
V  [jvm.dll+0x2154bb]
V  [jvm.dll+0x1a1fcd]
V  [jvm.dll+0x224e08]
V  [jvm.dll+0x222f75]
V  [jvm.dll+0x787a0b]
V  [jvm.dll+0x781fca]
V  [jvm.dll+0x671245]
C  [ucrtbase.dll+0x21bb2]
C  [KERNEL32.DLL+0x17034]
C  [ntdll.dll+0x526a1]


---------------  P R O C E S S  ---------------

Threads class SMR info:
_java_thread_list=0x0000020e3ea3d5b0, length=34, elements={
0x0000020e39af1c80, 0x0000020e39af2830, 0x0000020e39b03720, 0x0000020e39b040d0,
0x0000020e39b04a80, 0x0000020e39b12950, 0x0000020e39b14640, 0x0000020e39b150e0,
0x0000020e39b26290, 0x0000020e3a5ac090, 0x0000020e3a5c0bf0, 0x0000020e3f78c290,
0x0000020e3d5bc840, 0x0000020e3f187010, 0x0000020e3bf596f0, 0x0000020e3c0e0e30,
0x0000020e3bf9d2f0, 0x0000020e3bf9efd0, 0x0000020e3bf9e160, 0x0000020e3bf9eb00,
0x0000020e3bf9b610, 0x0000020e3bf9bfb0, 0x0000020e3bf9c480, 0x0000020e3bf9c950,
0x0000020e3bf9ce20, 0x0000020e3dee3a70, 0x0000020e3dee3f40, 0x0000020e3dee00b0,
0x0000020e3dee30d0, 0x0000020e3dee35a0, 0x0000020e3dee7430, 0x0000020e3dee13f0,
0x0000020e3dee48e0, 0x0000020e3dee6a90
}

Java Threads: ( => current thread )
  0x0000020e39af1c80 JavaThread "Reference Handler" daemon [_thread_blocked, id=13860, stack(0x000000783ef00000,0x000000783f000000)]
  0x0000020e39af2830 JavaThread "Finalizer" daemon [_thread_blocked, id=5644, stack(0x000000783f000000,0x000000783f100000)]
  0x0000020e39b03720 JavaThread "Signal Dispatcher" daemon [_thread_blocked, id=14608, stack(0x000000783f100000,0x000000783f200000)]
  0x0000020e39b040d0 JavaThread "Attach Listener" daemon [_thread_blocked, id=5396, stack(0x000000783f200000,0x000000783f300000)]
  0x0000020e39b04a80 JavaThread "Service Thread" daemon [_thread_blocked, id=8960, stack(0x000000783f300000,0x000000783f400000)]
  0x0000020e39b12950 JavaThread "Monitor Deflation Thread" daemon [_thread_blocked, id=14452, stack(0x000000783f400000,0x000000783f500000)]
=>0x0000020e39b14640 JavaThread "C2 CompilerThread0" daemon [_thread_in_native, id=11124, stack(0x000000783f500000,0x000000783f600000)]
  0x0000020e39b150e0 JavaThread "C1 CompilerThread0" daemon [_thread_blocked, id=8392, stack(0x000000783f600000,0x000000783f700000)]
  0x0000020e39b26290 JavaThread "Sweeper thread" daemon [_thread_blocked, id=8852, stack(0x000000783f700000,0x000000783f800000)]
  0x0000020e3a5ac090 JavaThread "Notification Thread" daemon [_thread_blocked, id=10816, stack(0x000000783f800000,0x000000783f900000)]
  0x0000020e3a5c0bf0 JavaThread "Common-Cleaner" daemon [_thread_blocked, id=4724, stack(0x000000783fa00000,0x000000783fb00000)]
  0x0000020e3f78c290 JavaThread "Catalina-utility-1" [_thread_blocked, id=11780, stack(0x0000007840000000,0x0000007840100000)]
  0x0000020e3d5bc840 JavaThread "Catalina-utility-2" [_thread_blocked, id=12692, stack(0x0000007840100000,0x0000007840200000)]
  0x0000020e3f187010 JavaThread "container-0" [_thread_blocked, id=6544, stack(0x0000007840200000,0x0000007840300000)]
  0x0000020e3bf596f0 JavaThread "spring.cloud.inetutils" daemon [_thread_blocked, id=10020, stack(0x0000007840300000,0x0000007840400000)]
  0x0000020e3c0e0e30 JavaThread "AsyncResolver-bootstrap-0" daemon [_thread_blocked, id=10364, stack(0x0000007840400000,0x0000007840500000)]
  0x0000020e3bf9d2f0 JavaThread "DiscoveryClient-0" daemon [_thread_blocked, id=3912, stack(0x0000007840500000,0x0000007840600000)]
  0x0000020e3bf9efd0 JavaThread "DiscoveryClient-1" daemon [_thread_blocked, id=11980, stack(0x0000007840600000,0x0000007840700000)]
  0x0000020e3bf9e160 JavaThread "DiscoveryClient-InstanceInfoReplicator-0" daemon [_thread_blocked, id=12792, stack(0x0000007840700000,0x0000007840800000)]
  0x0000020e3bf9eb00 JavaThread "http-nio-8082-exec-1" daemon [_thread_blocked, id=14620, stack(0x0000007840800000,0x0000007840900000)]
  0x0000020e3bf9b610 JavaThread "http-nio-8082-exec-2" daemon [_thread_blocked, id=8052, stack(0x0000007840900000,0x0000007840a00000)]
  0x0000020e3bf9bfb0 JavaThread "http-nio-8082-exec-3" daemon [_thread_blocked, id=7788, stack(0x0000007840a00000,0x0000007840b00000)]
  0x0000020e3bf9c480 JavaThread "http-nio-8082-exec-4" daemon [_thread_blocked, id=15180, stack(0x0000007840b00000,0x0000007840c00000)]
  0x0000020e3bf9c950 JavaThread "http-nio-8082-exec-5" daemon [_thread_blocked, id=9192, stack(0x0000007840c00000,0x0000007840d00000)]
  0x0000020e3bf9ce20 JavaThread "http-nio-8082-exec-6" daemon [_thread_blocked, id=8488, stack(0x0000007840d00000,0x0000007840e00000)]
  0x0000020e3dee3a70 JavaThread "http-nio-8082-exec-7" daemon [_thread_blocked, id=10248, stack(0x0000007840e00000,0x0000007840f00000)]
  0x0000020e3dee3f40 JavaThread "http-nio-8082-exec-8" daemon [_thread_blocked, id=9000, stack(0x0000007840f00000,0x0000007841000000)]
  0x0000020e3dee00b0 JavaThread "http-nio-8082-exec-9" daemon [_thread_blocked, id=7396, stack(0x0000007841000000,0x0000007841100000)]
  0x0000020e3dee30d0 JavaThread "http-nio-8082-exec-10" daemon [_thread_blocked, id=11316, stack(0x0000007841100000,0x0000007841200000)]
  0x0000020e3dee35a0 JavaThread "http-nio-8082-Poller" daemon [_thread_in_native, id=6412, stack(0x0000007841200000,0x0000007841300000)]
  0x0000020e3dee7430 JavaThread "http-nio-8082-Acceptor" daemon [_thread_in_native, id=6956, stack(0x0000007841300000,0x0000007841400000)]
  0x0000020e3dee13f0 JavaThread "DestroyJavaVM" [_thread_blocked, id=11408, stack(0x000000783e800000,0x000000783e900000)]
  0x0000020e3dee48e0 JavaThread "DiscoveryClient-HeartbeatExecutor-0" daemon [_thread_blocked, id=12888, stack(0x0000007841500000,0x0000007841600000)]
  0x0000020e3dee6a90 JavaThread "DiscoveryClient-CacheRefreshExecutor-0" daemon [_thread_blocked, id=4868, stack(0x0000007841600000,0x0000007841700000)]

Other Threads:
  0x0000020e39aeadd0 VMThread "VM Thread" [stack: 0x000000783ee00000,0x000000783ef00000] [id=15284]
  0x0000020e3a5ac560 WatcherThread [stack: 0x000000783f900000,0x000000783fa00000] [id=1644]
  0x0000020e1c326940 GCTaskThread "GC Thread#0" [stack: 0x000000783e900000,0x000000783ea00000] [id=3128]
  0x0000020e3ac9d2f0 GCTaskThread "GC Thread#1" [stack: 0x000000783fc00000,0x000000783fd00000] [id=16048]
  0x0000020e3ac9d5a0 GCTaskThread "GC Thread#2" [stack: 0x000000783fd00000,0x000000783fe00000] [id=4216]
  0x0000020e3afcbf80 GCTaskThread "GC Thread#3" [stack: 0x000000783fe00000,0x000000783ff00000] [id=8452]
  0x0000020e1c337ca0 ConcurrentGCThread "G1 Main Marker" [stack: 0x000000783ea00000,0x000000783eb00000] [id=9332]
  0x0000020e1c3386b0 ConcurrentGCThread "G1 Conc#0" [stack: 0x000000783eb00000,0x000000783ec00000] [id=15128]
  0x0000020e1c3922b0 ConcurrentGCThread "G1 Refine#0" [stack: 0x000000783ec00000,0x000000783ed00000] [id=9604]
  0x0000020e3ac9d850 ConcurrentGCThread "G1 Refine#1" [stack: 0x000000783ff00000,0x0000007840000000] [id=11964]
  0x0000020e1c392b70 ConcurrentGCThread "G1 Service" [stack: 0x000000783ed00000,0x000000783ee00000] [id=5376]

Threads with active compile tasks:
C2 CompilerThread0    68755 5097       4       sun.nio.cs.UTF_8$Decoder::decodeArrayLoop (688 bytes)

VM state: not at safepoint (normal execution)

VM Mutex/Monitor currently owned by a thread: None

Heap address: 0x0000000081c00000, size: 2020 MB, Compressed Oops mode: 32-bit

CDS archive(s) mapped at: [0x0000000800000000-0x0000000800bc0000-0x0000000800bc0000), size 12320768, SharedBaseAddress: 0x0000000800000000, ArchiveRelocationMode: 0.
Compressed class space mapped at: 0x0000000800c00000-0x0000000840c00000, reserved size: 1073741824
Narrow klass base: 0x0000000800000000, Narrow klass shift: 0, Narrow klass range: 0x100000000

GC Precious Log:
 CPUs: 4 total, 4 available
 Memory: 8072M
 Large Page Support: Disabled
 NUMA Support: Disabled
 Compressed Oops: Enabled (32-bit)
 Heap Region Size: 1M
 Heap Min Capacity: 8M
 Heap Initial Capacity: 128M
 Heap Max Capacity: 2020M
 Pre-touch: Disabled
 Parallel Workers: 4
 Concurrent Workers: 1
 Concurrent Refinement Workers: 4
 Periodic GC: Disabled

Heap:
 garbage-first heap   total 49152K, used 33495K [0x0000000081c00000, 0x0000000100000000)
  region size 1024K, 15 young (15360K), 3 survivors (3072K)
 Metaspace       used 42271K, committed 42688K, reserved 1089536K
  class space    used 5502K, committed 5696K, reserved 1048576K

Heap Regions: E=young(eden), S=young(survivor), O=old, HS=humongous(starts), HC=humongous(continues), CS=collection set, F=free, OA=open archive, CA=closed archive, TAMS=top-at-mark-start (previous, next)
|   0|0x0000000081c00000, 0x0000000081d00000, 0x0000000081d00000|100%| O|  |TAMS 0x0000000081d00000, 0x0000000081c00000| Untracked 
|   1|0x0000000081d00000, 0x0000000081e00000, 0x0000000081e00000|100%| O|  |TAMS 0x0000000081e00000, 0x0000000081d00000| Untracked 
|   2|0x0000000081e00000, 0x0000000081f00000, 0x0000000081f00000|100%| O|  |TAMS 0x0000000081f00000, 0x0000000081e00000| Untracked 
|   3|0x0000000081f00000, 0x0000000082000000, 0x0000000082000000|100%| O|  |TAMS 0x0000000082000000, 0x0000000081f00000| Untracked 
|   4|0x0000000082000000, 0x0000000082100000, 0x0000000082100000|100%| O|  |TAMS 0x0000000082100000, 0x0000000082000000| Untracked 
|   5|0x0000000082100000, 0x0000000082200000, 0x0000000082200000|100%| O|  |TAMS 0x0000000082200000, 0x0000000082100000| Untracked 
|   6|0x0000000082200000, 0x0000000082300000, 0x0000000082300000|100%| O|  |TAMS 0x0000000082300000, 0x0000000082200000| Untracked 
|   7|0x0000000082300000, 0x0000000082400000, 0x0000000082400000|100%| O|  |TAMS 0x0000000082400000, 0x0000000082300000| Untracked 
|   8|0x0000000082400000, 0x0000000082500000, 0x0000000082500000|100%| O|  |TAMS 0x0000000082500000, 0x0000000082400000| Untracked 
|   9|0x0000000082500000, 0x0000000082600000, 0x0000000082600000|100%| O|  |TAMS 0x0000000082600000, 0x0000000082500000| Untracked 
|  10|0x0000000082600000, 0x0000000082700000, 0x0000000082700000|100%| O|  |TAMS 0x0000000082700000, 0x0000000082600000| Untracked 
|  11|0x0000000082700000, 0x00000000827e8400, 0x0000000082800000| 90%| O|  |TAMS 0x00000000827e8400, 0x0000000082700000| Untracked 
|  12|0x0000000082800000, 0x0000000082800000, 0x0000000082900000|  0%| F|  |TAMS 0x0000000082800000, 0x0000000082800000| Untracked 
|  13|0x0000000082900000, 0x0000000082900000, 0x0000000082a00000|  0%| F|  |TAMS 0x0000000082900000, 0x0000000082900000| Untracked 
|  14|0x0000000082a00000, 0x0000000082a00000, 0x0000000082b00000|  0%| F|  |TAMS 0x0000000082a00000, 0x0000000082a00000| Untracked 
|  15|0x0000000082b00000, 0x0000000082b00000, 0x0000000082c00000|  0%| F|  |TAMS 0x0000000082b00000, 0x0000000082b00000| Untracked 
|  16|0x0000000082c00000, 0x0000000082d00000, 0x0000000082d00000|100%| O|  |TAMS 0x0000000082d00000, 0x0000000082c00000| Untracked 
|  17|0x0000000082d00000, 0x0000000082e00000, 0x0000000082e00000|100%| O|  |TAMS 0x0000000082e00000, 0x0000000082d00000| Untracked 
|  18|0x0000000082e00000, 0x0000000082f00000, 0x0000000082f00000|100%| O|  |TAMS 0x0000000082f00000, 0x0000000082e00000| Untracked 
|  19|0x0000000082f00000, 0x0000000083000000, 0x0000000083000000|100%| O|  |TAMS 0x0000000083000000, 0x0000000082f00000| Untracked 
|  20|0x0000000083000000, 0x0000000083100000, 0x0000000083100000|100%| O|  |TAMS 0x0000000083100000, 0x0000000083000000| Untracked 
|  21|0x0000000083100000, 0x0000000083200000, 0x0000000083200000|100%| O|  |TAMS 0x0000000083200000, 0x0000000083100000| Untracked 
|  22|0x0000000083200000, 0x0000000083300000, 0x0000000083300000|100%| O|  |TAMS 0x0000000083300000, 0x0000000083200000| Untracked 
|  23|0x0000000083300000, 0x0000000083300000, 0x0000000083400000|  0%| F|  |TAMS 0x0000000083300000, 0x0000000083300000| Untracked 
|  24|0x0000000083400000, 0x0000000083400000, 0x0000000083500000|  0%| F|  |TAMS 0x0000000083400000, 0x0000000083400000| Untracked 
|  25|0x0000000083500000, 0x0000000083500000, 0x0000000083600000|  0%| F|  |TAMS 0x0000000083500000, 0x0000000083500000| Untracked 
|  26|0x0000000083600000, 0x0000000083600000, 0x0000000083700000|  0%| F|  |TAMS 0x0000000083600000, 0x0000000083600000| Untracked 
|  27|0x0000000083700000, 0x0000000083700000, 0x0000000083800000|  0%| F|  |TAMS 0x0000000083700000, 0x0000000083700000| Untracked 
|  28|0x0000000083800000, 0x00000000838cd800, 0x0000000083900000| 80%| S|CS|TAMS 0x0000000083800000, 0x0000000083800000| Complete 
|  29|0x0000000083900000, 0x0000000083a00000, 0x0000000083a00000|100%| S|CS|TAMS 0x0000000083900000, 0x0000000083900000| Complete 
|  30|0x0000000083a00000, 0x0000000083b00000, 0x0000000083b00000|100%| S|CS|TAMS 0x0000000083a00000, 0x0000000083a00000| Complete 
|  31|0x0000000083b00000, 0x0000000083b00000, 0x0000000083c00000|  0%| F|  |TAMS 0x0000000083b00000, 0x0000000083b00000| Untracked 
|  32|0x0000000083c00000, 0x0000000083c00000, 0x0000000083d00000|  0%| F|  |TAMS 0x0000000083c00000, 0x0000000083c00000| Untracked 
|  33|0x0000000083d00000, 0x0000000083d00000, 0x0000000083e00000|  0%| F|  |TAMS 0x0000000083d00000, 0x0000000083d00000| Untracked 
|  34|0x0000000083e00000, 0x0000000083e00000, 0x0000000083f00000|  0%| F|  |TAMS 0x0000000083e00000, 0x0000000083e00000| Untracked 
|  35|0x0000000083f00000, 0x0000000083f00000, 0x0000000084000000|  0%| F|  |TAMS 0x0000000083f00000, 0x0000000083f00000| Untracked 
|  36|0x0000000084000000, 0x000000008409a308, 0x0000000084100000| 60%| E|  |TAMS 0x0000000084000000, 0x0000000084000000| Complete 
|  37|0x0000000084100000, 0x0000000084200000, 0x0000000084200000|100%| E|CS|TAMS 0x0000000084100000, 0x0000000084100000| Complete 
|  38|0x0000000084200000, 0x0000000084300000, 0x0000000084300000|100%| E|CS|TAMS 0x0000000084200000, 0x0000000084200000| Complete 
|  39|0x0000000084300000, 0x0000000084400000, 0x0000000084400000|100%| E|CS|TAMS 0x0000000084300000, 0x0000000084300000| Complete 
|  51|0x0000000084f00000, 0x0000000085000000, 0x0000000085000000|100%| E|CS|TAMS 0x0000000084f00000, 0x0000000084f00000| Complete 
|  52|0x0000000085000000, 0x0000000085100000, 0x0000000085100000|100%| E|CS|TAMS 0x0000000085000000, 0x0000000085000000| Complete 
|  53|0x0000000085100000, 0x0000000085200000, 0x0000000085200000|100%| E|CS|TAMS 0x0000000085100000, 0x0000000085100000| Complete 
|  54|0x0000000085200000, 0x0000000085300000, 0x0000000085300000|100%| E|CS|TAMS 0x0000000085200000, 0x0000000085200000| Complete 
|  55|0x0000000085300000, 0x0000000085400000, 0x0000000085400000|100%| E|CS|TAMS 0x0000000085300000, 0x0000000085300000| Complete 
|  56|0x0000000085400000, 0x0000000085500000, 0x0000000085500000|100%| E|CS|TAMS 0x0000000085400000, 0x0000000085400000| Complete 
|  57|0x0000000085500000, 0x0000000085600000, 0x0000000085600000|100%| E|CS|TAMS 0x0000000085500000, 0x0000000085500000| Complete 
| 127|0x0000000089b00000, 0x0000000089c00000, 0x0000000089c00000|100%| E|CS|TAMS 0x0000000089b00000, 0x0000000089b00000| Complete 

Card table byte_map: [0x0000020e32f40000,0x0000020e33340000] _byte_map_base: 0x0000020e32b32000

Marking Bits (Prev, Next): (CMBitMap*) 0x0000020e1c326f90, (CMBitMap*) 0x0000020e1c326f50
 Prev Bits: [0x0000020e356d0000, 0x0000020e37660000)
 Next Bits: [0x0000020e33740000, 0x0000020e356d0000)

Polling page: 0x0000020e1a210000

Metaspace:

Usage:
  Non-class:     35.91 MB used.
      Class:      5.37 MB used.
       Both:     41.28 MB used.

Virtual space:
  Non-class space:       40.00 MB reserved,      36.12 MB ( 90%) committed,  5 nodes.
      Class space:        1.00 GB reserved,       5.56 MB ( <1%) committed,  1 nodes.
             Both:        1.04 GB reserved,      41.69 MB (  4%) committed. 

Chunk freelists:
   Non-Class:  3.27 MB
       Class:  2.28 MB
        Both:  5.55 MB

MaxMetaspaceSize: unlimited
CompressedClassSpaceSize: 1.00 GB
Initial GC threshold: 21.00 MB
Current GC threshold: 65.25 MB
CDS: on
MetaspaceReclaimPolicy: balanced
 - commit_granule_bytes: 65536.
 - commit_granule_words: 8192.
 - virtual_space_node_default_size: 1048576.
 - enlarge_chunks_in_place: 1.
 - new_chunks_are_fully_committed: 0.
 - uncommit_free_chunks: 1.
 - use_allocation_guard: 0.
 - handle_deallocations: 1.


Internal statistics:

num_allocs_failed_limit: 9.
num_arena_births: 474.
num_arena_deaths: 0.
num_vsnodes_births: 6.
num_vsnodes_deaths: 0.
num_space_committed: 667.
num_space_uncommitted: 0.
num_chunks_returned_to_freelist: 9.
num_chunks_taken_from_freelist: 1956.
num_chunk_merges: 3.
num_chunk_splits: 1305.
num_chunks_enlarged: 961.
num_purges: 0.
num_inconsistent_stats: 0.

CodeHeap 'non-profiled nmethods': size=120000Kb used=2376Kb max_used=2587Kb free=117623Kb
 bounds [0x0000020e2b610000, 0x0000020e2b8a0000, 0x0000020e32b40000]
CodeHeap 'profiled nmethods': size=120000Kb used=8520Kb max_used=10067Kb free=111479Kb
 bounds [0x0000020e240e0000, 0x0000020e24ac0000, 0x0000020e2b610000]
CodeHeap 'non-nmethods': size=5760Kb used=1255Kb max_used=1303Kb free=4504Kb
 bounds [0x0000020e23b40000, 0x0000020e23db0000, 0x0000020e240e0000]
 total_blobs=4910 nmethods=4342 adapters=479
 compilation: enabled
              stopped_count=0, restarted_count=0
 full_count=0

Compilation events (20 events):
Event: 66.110 Thread 0x0000020e39b150e0 nmethod 5091 0x0000020e244d7010 code [0x0000020e244d71a0, 0x0000020e244d7418]
Event: 68.036 Thread 0x0000020e39b150e0 5092   !   3       java.util.concurrent.locks.AbstractQueuedSynchronizer::acquire (407 bytes)
Event: 68.038 Thread 0x0000020e39b150e0 nmethod 5092 0x0000020e24586f90 code [0x0000020e24587320, 0x0000020e24588d38]
Event: 68.611 Thread 0x0000020e39b14640 5094       4       java.lang.invoke.MemberName::initResolved (53 bytes)
Event: 68.612 Thread 0x0000020e39b14640 nmethod 5094 0x0000020e2b800d10 code [0x0000020e2b800e80, 0x0000020e2b800f58]
Event: 68.613 Thread 0x0000020e39b150e0 5095       3       org.springframework.web.util.HierarchicalUriComponents$Type::isAlpha (30 bytes)
Event: 68.613 Thread 0x0000020e39b150e0 nmethod 5095 0x0000020e244d6b90 code [0x0000020e244d6d20, 0x0000020e244d6f38]
Event: 68.613 Thread 0x0000020e39b150e0 5096       1       java.util.stream.ForEachOps$ForEachOp::get (2 bytes)
Event: 68.614 Thread 0x0000020e39b150e0 nmethod 5096 0x0000020e2b800a10 code [0x0000020e2b800ba0, 0x0000020e2b800c78]
Event: 68.614 Thread 0x0000020e39b14640 5097       4       sun.nio.cs.UTF_8$Decoder::decodeArrayLoop (688 bytes)
Event: 68.614 Thread 0x0000020e39b150e0 5098       1       java.util.concurrent.atomic.AtomicReference::get (5 bytes)
Event: 68.614 Thread 0x0000020e39b150e0 nmethod 5098 0x0000020e2b800690 code [0x0000020e2b800820, 0x0000020e2b8008f8]
Event: 68.614 Thread 0x0000020e39b150e0 5099       3       sun.nio.ch.Util::isBufferTooLarge (15 bytes)
Event: 68.614 Thread 0x0000020e39b150e0 nmethod 5099 0x0000020e24400590 code [0x0000020e24400720, 0x0000020e24400878]
Event: 68.614 Thread 0x0000020e39b150e0 5100       3       java.nio.MappedByteBuffer::limit (8 bytes)
Event: 68.615 Thread 0x0000020e39b150e0 nmethod 5100 0x0000020e244b7590 code [0x0000020e244b7740, 0x0000020e244b78e8]
Event: 68.620 Thread 0x0000020e39b150e0 5101       3       org.apache.http.util.CharArrayBuffer::charAt (7 bytes)
Event: 68.620 Thread 0x0000020e39b150e0 nmethod 5101 0x0000020e24433d90 code [0x0000020e24433f20, 0x0000020e24434058]
Event: 68.624 Thread 0x0000020e39b150e0 5102       3       jdk.internal.misc.Unsafe::getAndAddLong (27 bytes)
Event: 68.624 Thread 0x0000020e39b150e0 nmethod 5102 0x0000020e2473ce10 code [0x0000020e2473cfc0, 0x0000020e2473d208]

GC Heap History (20 events):
Event: 0.909 GC heap before
{Heap before GC invocations=1 (full 0):
 garbage-first heap   total 131072K, used 15932K [0x0000000081c00000, 0x0000000100000000)
  region size 1024K, 12 young (12288K), 2 survivors (2048K)
 Metaspace       used 5785K, committed 6016K, reserved 1056768K
  class space    used 675K, committed 768K, reserved 1048576K
}
Event: 0.914 GC heap after
{Heap after GC invocations=2 (full 0):
 garbage-first heap   total 131072K, used 6742K [0x0000000081c00000, 0x0000000100000000)
  region size 1024K, 1 young (1024K), 1 survivors (1024K)
 Metaspace       used 5785K, committed 6016K, reserved 1056768K
  class space    used 675K, committed 768K, reserved 1048576K
}
Event: 1.527 GC heap before
{Heap before GC invocations=2 (full 0):
 garbage-first heap   total 131072K, used 27222K [0x0000000081c00000, 0x0000000100000000)
  region size 1024K, 22 young (22528K), 1 survivors (1024K)
 Metaspace       used 11413K, committed 11648K, reserved 1064960K
  class space    used 1364K, committed 1472K, reserved 1048576K
}
Event: 1.532 GC heap after
{Heap after GC invocations=3 (full 0):
 garbage-first heap   total 131072K, used 8039K [0x0000000081c00000, 0x0000000100000000)
  region size 1024K, 3 young (3072K), 3 survivors (3072K)
 Metaspace       used 11413K, committed 11648K, reserved 1064960K
  class space    used 1364K, committed 1472K, reserved 1048576K
}
Event: 3.858 GC heap before
{Heap before GC invocations=3 (full 0):
 garbage-first heap   total 131072K, used 75623K [0x0000000081c00000, 0x0000000100000000)
  region size 1024K, 70 young (71680K), 3 survivors (3072K)
 Metaspace       used 21276K, committed 21504K, reserved 1073152K
  class space    used 2630K, committed 2752K, reserved 1048576K
}
Event: 3.873 GC heap after
{Heap after GC invocations=4 (full 0):
 garbage-first heap   total 131072K, used 12371K [0x0000000081c00000, 0x0000000100000000)
  region size 1024K, 7 young (7168K), 7 survivors (7168K)
 Metaspace       used 21276K, committed 21504K, reserved 1073152K
  class space    used 2630K, committed 2752K, reserved 1048576K
}
Event: 4.871 GC heap before
{Heap before GC invocations=5 (full 0):
 garbage-first heap   total 48128K, used 36947K [0x0000000081c00000, 0x0000000100000000)
  region size 1024K, 31 young (31744K), 7 survivors (7168K)
 Metaspace       used 25413K, committed 25664K, reserved 1073152K
  class space    used 3146K, committed 3264K, reserved 1048576K
}
Event: 4.897 GC heap after
{Heap after GC invocations=6 (full 0):
 garbage-first heap   total 49152K, used 15451K [0x0000000081c00000, 0x0000000100000000)
  region size 1024K, 8 young (8192K), 8 survivors (8192K)
 Metaspace       used 25413K, committed 25664K, reserved 1073152K
  class space    used 3146K, committed 3264K, reserved 1048576K
}
Event: 4.932 GC heap before
{Heap before GC invocations=6 (full 0):
 garbage-first heap   total 49152K, used 16475K [0x0000000081c00000, 0x0000000100000000)
  region size 1024K, 9 young (9216K), 8 survivors (8192K)
 Metaspace       used 25569K, committed 25856K, reserved 1073152K
  class space    used 3162K, committed 3328K, reserved 1048576K
}
Event: 4.951 GC heap after
{Heap after GC invocations=7 (full 0):
 garbage-first heap   total 49152K, used 15360K [0x0000000081c00000, 0x0000000100000000)
  region size 1024K, 1 young (1024K), 1 survivors (1024K)
 Metaspace       used 25569K, committed 25856K, reserved 1073152K
  class space    used 3162K, committed 3328K, reserved 1048576K
}
Event: 5.818 GC heap before
{Heap before GC invocations=7 (full 0):
 garbage-first heap   total 49152K, used 33792K [0x0000000081c00000, 0x0000000100000000)
  region size 1024K, 19 young (19456K), 1 survivors (1024K)
 Metaspace       used 28813K, committed 29184K, reserved 1081344K
  class space    used 3726K, committed 3904K, reserved 1048576K
}
Event: 5.827 GC heap after
{Heap after GC invocations=8 (full 0):
 garbage-first heap   total 49152K, used 16033K [0x0000000081c00000, 0x0000000100000000)
  region size 1024K, 2 young (2048K), 2 survivors (2048K)
 Metaspace       used 28813K, committed 29184K, reserved 1081344K
  class space    used 3726K, committed 3904K, reserved 1048576K
}
Event: 6.688 GC heap before
{Heap before GC invocations=8 (full 0):
 garbage-first heap   total 49152K, used 34465K [0x0000000081c00000, 0x0000000100000000)
  region size 1024K, 20 young (20480K), 2 survivors (2048K)
 Metaspace       used 31374K, committed 31744K, reserved 1081344K
  class space    used 4076K, committed 4288K, reserved 1048576K
}
Event: 6.696 GC heap after
{Heap after GC invocations=9 (full 0):
 garbage-first heap   total 49152K, used 17752K [0x0000000081c00000, 0x0000000100000000)
  region size 1024K, 3 young (3072K), 3 survivors (3072K)
 Metaspace       used 31374K, committed 31744K, reserved 1081344K
  class space    used 4076K, committed 4288K, reserved 1048576K
}
Event: 7.693 GC heap before
{Heap before GC invocations=9 (full 0):
 garbage-first heap   total 49152K, used 35160K [0x0000000081c00000, 0x0000000100000000)
  region size 1024K, 20 young (20480K), 3 survivors (3072K)
 Metaspace       used 34254K, committed 34688K, reserved 1081344K
  class space    used 4496K, committed 4736K, reserved 1048576K
}
Event: 7.700 GC heap after
{Heap after GC invocations=10 (full 0):
 garbage-first heap   total 49152K, used 19499K [0x0000000081c00000, 0x0000000100000000)
  region size 1024K, 2 young (2048K), 2 survivors (2048K)
 Metaspace       used 34254K, committed 34688K, reserved 1081344K
  class space    used 4496K, committed 4736K, reserved 1048576K
}
Event: 7.906 GC heap before
{Heap before GC invocations=10 (full 0):
 garbage-first heap   total 49152K, used 24619K [0x0000000081c00000, 0x0000000100000000)
  region size 1024K, 8 young (8192K), 2 survivors (2048K)
 Metaspace       used 35891K, committed 36288K, reserved 1081344K
  class space    used 4693K, committed 4928K, reserved 1048576K
}
Event: 7.914 GC heap after
{Heap after GC invocations=11 (full 0):
 garbage-first heap   total 49152K, used 20754K [0x0000000081c00000, 0x0000000100000000)
  region size 1024K, 2 young (2048K), 2 survivors (2048K)
 Metaspace       used 35891K, committed 36288K, reserved 1081344K
  class space    used 4693K, committed 4928K, reserved 1048576K
}
Event: 8.565 GC heap before
{Heap before GC invocations=12 (full 0):
 garbage-first heap   total 49152K, used 36114K [0x0000000081c00000, 0x0000000100000000)
  region size 1024K, 17 young (17408K), 2 survivors (2048K)
 Metaspace       used 39658K, committed 40064K, reserved 1089536K
  class space    used 5200K, committed 5376K, reserved 1048576K
}
Event: 8.571 GC heap after
{Heap after GC invocations=13 (full 0):
 garbage-first heap   total 49152K, used 22231K [0x0000000081c00000, 0x0000000100000000)
  region size 1024K, 3 young (3072K), 3 survivors (3072K)
 Metaspace       used 39658K, committed 40064K, reserved 1089536K
  class space    used 5200K, committed 5376K, reserved 1048576K
}

Deoptimization events (20 events):
Event: 38.591 Thread 0x0000020e3dee6a90 Uncommon trap: trap_request=0xffffffc6 fr.pc=0x0000020e2b7c947c relative=0x0000000000001fbc
Event: 38.591 Thread 0x0000020e3dee6a90 Uncommon trap: reason=bimorphic_or_optimized_type_check action=maybe_recompile pc=0x0000020e2b7c947c method=java.util.zip.InflaterInputStream.read([BII)I @ 100 c2
Event: 38.591 Thread 0x0000020e3dee6a90 DEOPT PACKING pc=0x0000020e2b7c947c sp=0x00000078416fe280
Event: 38.591 Thread 0x0000020e3dee6a90 DEOPT UNPACKING pc=0x0000020e23b923a3 sp=0x00000078416fe2d0 mode 2
Event: 38.598 Thread 0x0000020e3dee6a90 Uncommon trap: trap_request=0xffffffc6 fr.pc=0x0000020e2b7c947c relative=0x0000000000001fbc
Event: 38.598 Thread 0x0000020e3dee6a90 Uncommon trap: reason=bimorphic_or_optimized_type_check action=maybe_recompile pc=0x0000020e2b7c947c method=java.util.zip.InflaterInputStream.read([BII)I @ 100 c2
Event: 38.598 Thread 0x0000020e3dee6a90 DEOPT PACKING pc=0x0000020e2b7c947c sp=0x00000078416fd060
Event: 38.598 Thread 0x0000020e3dee6a90 DEOPT UNPACKING pc=0x0000020e23b923a3 sp=0x00000078416fd0b0 mode 2
Event: 42.416 Thread 0x0000020e3bf9bfb0 Uncommon trap: trap_request=0xffffff45 fr.pc=0x0000020e2b88608c relative=0x000000000000026c
Event: 42.416 Thread 0x0000020e3bf9bfb0 Uncommon trap: reason=unstable_if action=reinterpret pc=0x0000020e2b88608c method=java.lang.invoke.MethodType.equals(Ljava/lang/Object;)Z @ 11 c2
Event: 42.416 Thread 0x0000020e3bf9bfb0 DEOPT PACKING pc=0x0000020e2b88608c sp=0x0000007840afdcf0
Event: 42.416 Thread 0x0000020e3bf9bfb0 DEOPT UNPACKING pc=0x0000020e23b923a3 sp=0x0000007840afdcb8 mode 2
Event: 42.416 Thread 0x0000020e3bf9bfb0 Uncommon trap: trap_request=0xffffff54 fr.pc=0x0000020e2b6cab74 relative=0x0000000000004e74
Event: 42.416 Thread 0x0000020e3bf9bfb0 Uncommon trap: reason=speculate_null_assert action=make_not_entrant pc=0x0000020e2b6cab74 method=java.lang.invoke.MethodType$ConcurrentWeakInternSet.add(Ljava/lang/Object;)Ljava/lang/Object; @ 47 c2
Event: 42.416 Thread 0x0000020e3bf9bfb0 DEOPT PACKING pc=0x0000020e2b6cab74 sp=0x0000007840afdef0
Event: 42.416 Thread 0x0000020e3bf9bfb0 DEOPT UNPACKING pc=0x0000020e23b923a3 sp=0x0000007840afdd20 mode 2
Event: 68.621 Thread 0x0000020e3dee6a90 Uncommon trap: trap_request=0xffffffc6 fr.pc=0x0000020e2b7c947c relative=0x0000000000001fbc
Event: 68.621 Thread 0x0000020e3dee6a90 Uncommon trap: reason=bimorphic_or_optimized_type_check action=maybe_recompile pc=0x0000020e2b7c947c method=java.util.zip.InflaterInputStream.read([BII)I @ 100 c2
Event: 68.621 Thread 0x0000020e3dee6a90 DEOPT PACKING pc=0x0000020e2b7c947c sp=0x00000078416fe270
Event: 68.621 Thread 0x0000020e3dee6a90 DEOPT UNPACKING pc=0x0000020e23b923a3 sp=0x00000078416fe2c0 mode 2

Classes unloaded (0 events):
No events

Classes redefined (0 events):
No events

Internal exceptions (20 events):
Event: 6.351 Thread 0x0000020e1c2cbf80 Exception <a 'java/lang/ClassNotFoundException'{0x00000000840f1e40}: org/springframework/aop/framework/AopInfrastructureBeanCustomizer> (0x00000000840f1e40) 
thrown [s\open\src\hotspot\share\classfile\systemDictionary.cpp, line 256]
Event: 6.850 Thread 0x0000020e1c2cbf80 Exception <a 'java/lang/ClassNotFoundException'{0x0000000085331f80}: java/lang/ObjectCustomizer> (0x0000000085331f80) 
thrown [s\open\src\hotspot\share\classfile\systemDictionary.cpp, line 256]
Event: 6.851 Thread 0x0000020e1c2cbf80 Exception <a 'java/lang/ClassNotFoundException'{0x00000000853394c0}: org/springframework/boot/actuate/autoconfigure/metrics/task/TaskExecutorMetricsAutoConfigurationCustomizer> (0x00000000853394c0) 
thrown [s\open\src\hotspot\share\classfile\systemDictionary.cpp, line 256]
Event: 6.978 Thread 0x0000020e1c2cbf80 Exception <a 'java/lang/ClassNotFoundException'{0x000000008507f0b0}: java/lang/ObjectCustomizer> (0x000000008507f0b0) 
thrown [s\open\src\hotspot\share\classfile\systemDictionary.cpp, line 256]
Event: 6.980 Thread 0x0000020e1c2cbf80 Exception <a 'java/lang/ClassNotFoundException'{0x0000000085086718}: org/springframework/cloud/client/discovery/simple/SimpleDiscoveryClientAutoConfigurationCustomizer> (0x0000000085086718) 
thrown [s\open\src\hotspot\share\classfile\systemDictionary.cpp, line 256]
Event: 6.982 Thread 0x0000020e1c2cbf80 Exception <a 'java/lang/ClassNotFoundException'{0x0000000085092b70}: org/springframework/context/ApplicationListenerCustomizer> (0x0000000085092b70) 
thrown [s\open\src\hotspot\share\classfile\systemDictionary.cpp, line 256]
Event: 6.983 Thread 0x0000020e1c2cbf80 Exception <a 'java/lang/ClassNotFoundException'{0x0000000085099ae8}: java/util/EventListenerCustomizer> (0x0000000085099ae8) 
thrown [s\open\src\hotspot\share\classfile\systemDictionary.cpp, line 256]
Event: 7.517 Thread 0x0000020e1c2cbf80 Exception <a 'java/lang/NoSuchMethodError'{0x0000000083ee6f80}: 'java.lang.Object java.lang.invoke.DirectMethodHandle$Holder.newInvokeSpecial(java.lang.Object, java.lang.Object, int, java.lang.Object, java.lang.Object)'> (0x0000000083ee6f80) 
thrown [s\open\src\hotspot\share\interpreter\linkResolver.cpp, line 759]
Event: 7.523 Thread 0x0000020e1c2cbf80 Exception <a 'java/lang/NoSuchMethodError'{0x0000000083ef27c0}: 'java.lang.Object java.lang.invoke.DirectMethodHandle$Holder.invokeSpecial(java.lang.Object, java.lang.Object, int, java.lang.Object, int, java.lang.Object)'> (0x0000000083ef27c0) 
thrown [s\open\src\hotspot\share\interpreter\linkResolver.cpp, line 759]
Event: 7.524 Thread 0x0000020e1c2cbf80 Exception <a 'java/lang/NoSuchMethodError'{0x0000000083efa810}: 'java.lang.Object java.lang.invoke.DirectMethodHandle$Holder.newInvokeSpecial(java.lang.Object, java.lang.Object, int, java.lang.Object, int)'> (0x0000000083efa810) 
thrown [s\open\src\hotspot\share\interpreter\linkResolver.cpp, line 759]
Event: 7.526 Thread 0x0000020e1c2cbf80 Exception <a 'java/lang/NoSuchMethodError'{0x0000000083efe910}: 'java.lang.Object java.lang.invoke.DirectMethodHandle$Holder.invokeSpecial(java.lang.Object, java.lang.Object, java.lang.Object, int, java.lang.Object, int)'> (0x0000000083efe910) 
thrown [s\open\src\hotspot\share\interpreter\linkResolver.cpp, line 759]
Event: 7.528 Thread 0x0000020e1c2cbf80 Exception <a 'java/lang/NoSuchMethodError'{0x0000000083d092c0}: 'void java.lang.invoke.DirectMethodHandle$Holder.invokeVirtual(java.lang.Object, java.lang.Object)'> (0x0000000083d092c0) 
thrown [s\open\src\hotspot\share\interpreter\linkResolver.cpp, line 759]
Event: 7.647 Thread 0x0000020e1c2cbf80 Exception <a 'java/lang/IncompatibleClassChangeError'{0x0000000083b02cc8}: Found class java.lang.Object, but interface was expected> (0x0000000083b02cc8) 
thrown [s\open\src\hotspot\share\interpreter\linkResolver.cpp, line 826]
Event: 7.678 Thread 0x0000020e1c2cbf80 Implicit null exception at 0x0000020e2b800a69 to 0x0000020e2b8011e8
Event: 7.847 Thread 0x0000020e1c2cbf80 Exception <a 'sun/nio/fs/WindowsException'{0x00000000853e90c0}> (0x00000000853e90c0) 
thrown [s\open\src\hotspot\share\prims\jni.cpp, line 516]
Event: 33.309 Thread 0x0000020e3bf9eb00 Exception <a 'java/lang/NoSuchMethodError'{0x0000000084f88308}: 'java.lang.Object java.lang.invoke.DirectMethodHandle$Holder.invokeStatic(java.lang.Object, int, int)'> (0x0000000084f88308) 
thrown [s\open\src\hotspot\share\interpreter\linkResolver.cpp, line 759]
Event: 33.323 Thread 0x0000020e3bf9eb00 Exception <a 'java/lang/NoSuchMethodError'{0x0000000084fabb80}: 'void java.lang.invoke.DirectMethodHandle$Holder.invokeSpecial(java.lang.Object, java.lang.Object, java.lang.Object, java.lang.Object, java.lang.Object, java.lang.Object, java.lang.Object, java.lang.Object)'> (0x0000000084fabb80) 
thrown [s\open\src\hotspot\share\interpreter\linkResolver.cpp, line 759]
Event: 33.325 Thread 0x0000020e3bf9eb00 Exception <a 'java/lang/NoSuchMethodError'{0x0000000084fb6330}: 'java.lang.Object java.lang.invoke.DirectMethodHandle$Holder.newInvokeSpecial(java.lang.Object, java.lang.Object, java.lang.Object, java.lang.Object, java.lang.Object, java.lang.Object, java.lang.Object)'> (0x0000000084fb6330) 
thrown [s\open\src\hotspot\share\interpreter\linkResolver.cpp, line 759]
Event: 33.325 Thread 0x0000020e3bf9eb00 Exception <a 'java/lang/NoSuchMethodError'{0x0000000084fbaa50}: 'java.lang.Object java.lang.invoke.Invokers$Holder.linkToTargetMethod(java.lang.Object, java.lang.Object, java.lang.Object, java.lang.Object, java.lang.Object, java.lang.Object, java.lang.Object)'> (0x0000000084fbaa50) 
thrown [s\open\src\hotspot\share\interpreter\linkResolver.cpp, line 759]
Event: 33.356 Thread 0x0000020e3bf9eb00 Exception <a 'java/lang/NoSuchMethodError'{0x0000000084334d60}: 'void java.lang.invoke.DirectMethodHandle$Holder.invokeSpecial(java.lang.Object, java.lang.Object, java.lang.Object, java.lang.Object, java.lang.Object, java.lang.Object, java.lang.Object)'> (0x0000000084334d60) 
thrown [s\open\src\hotspot\share\interpreter\linkResolver.cpp, line 759]

VM Operations (20 events):
Event: 33.232 Executing VM operation: Cleanup
Event: 33.232 Executing VM operation: Cleanup done
Event: 33.277 Executing VM operation: HandshakeAllThreads
Event: 33.277 Executing VM operation: HandshakeAllThreads done
Event: 33.364 Executing VM operation: HandshakeAllThreads
Event: 33.364 Executing VM operation: HandshakeAllThreads done
Event: 33.443 Executing VM operation: HandshakeAllThreads
Event: 33.443 Executing VM operation: HandshakeAllThreads done
Event: 33.452 Executing VM operation: HandshakeAllThreads
Event: 33.452 Executing VM operation: HandshakeAllThreads done
Event: 34.460 Executing VM operation: Cleanup
Event: 34.460 Executing VM operation: Cleanup done
Event: 39.517 Executing VM operation: Cleanup
Event: 39.517 Executing VM operation: Cleanup done
Event: 42.540 Executing VM operation: Cleanup
Event: 42.540 Executing VM operation: Cleanup done
Event: 43.552 Executing VM operation: Cleanup
Event: 43.552 Executing VM operation: Cleanup done
Event: 67.771 Executing VM operation: Cleanup
Event: 67.772 Executing VM operation: Cleanup done

Events (20 events):
Event: 33.309 loading class java/util/ArrayList$SubList$2 done
Event: 33.473 loading class sun/nio/cs/ISO_8859_1$Encoder
Event: 33.473 loading class sun/nio/cs/ISO_8859_1$Encoder done
Event: 33.473 loading class sun/nio/cs/Surrogate$Parser
Event: 33.473 loading class sun/nio/cs/Surrogate$Parser done
Event: 33.474 loading class sun/nio/cs/Surrogate
Event: 33.474 loading class sun/nio/cs/Surrogate done
Event: 33.688 Thread 0x0000020e3d6f80c0 Thread exited: 0x0000020e3d6f80c0
Event: 33.703 Thread 0x0000020e3d6fa430 Thread added: 0x0000020e3d6fa430
Event: 33.704 loading class sun/nio/cs/US_ASCII$Decoder
Event: 33.704 loading class sun/nio/cs/US_ASCII$Decoder done
Event: 33.740 loading class java/io/ObjectOutputStream
Event: 33.740 loading class java/io/ObjectOutput
Event: 33.740 loading class java/io/ObjectOutput done
Event: 33.741 loading class java/io/ObjectOutputStream done
Event: 38.569 Thread 0x0000020e3dee48e0 Thread added: 0x0000020e3dee48e0
Event: 38.570 Thread 0x0000020e3dee6a90 Thread added: 0x0000020e3dee6a90
Event: 38.570 Thread 0x0000020e3d6fa430 Thread exited: 0x0000020e3d6fa430
Event: 38.614 Thread 0x0000020e3d6fa430 Thread added: 0x0000020e3d6fa430
Event: 42.046 Thread 0x0000020e3d6fa430 Thread exited: 0x0000020e3d6fa430


Dynamic libraries:
0x00007ff77bd60000 - 0x00007ff77bd70000 	C:\Program Files\Java\jdk-17.0.4.1\bin\javaw.exe
0x00007ff8b00b0000 - 0x00007ff8b02a8000 	C:\WINDOWS\SYSTEM32\ntdll.dll
0x00007ff8ae4d0000 - 0x00007ff8ae58d000 	C:\WINDOWS\System32\KERNEL32.DLL
0x00007ff8ade10000 - 0x00007ff8ae0de000 	C:\WINDOWS\System32\KERNELBASE.dll
0x00007ff8ad7d0000 - 0x00007ff8ad8d0000 	C:\WINDOWS\System32\ucrtbase.dll
0x00007ff8a5720000 - 0x00007ff8a573a000 	C:\Program Files\Java\jdk-17.0.4.1\bin\VCRUNTIME140.dll
0x00007ff8a0570000 - 0x00007ff8a0588000 	C:\Program Files\Java\jdk-17.0.4.1\bin\jli.dll
0x00007ff8ae640000 - 0x00007ff8ae6ee000 	C:\WINDOWS\System32\ADVAPI32.dll
0x00007ff8affa0000 - 0x00007ff8b003e000 	C:\WINDOWS\System32\msvcrt.dll
0x00007ff8ae6f0000 - 0x00007ff8ae78c000 	C:\WINDOWS\System32\sechost.dll
0x00007ff8aedc0000 - 0x00007ff8aeee5000 	C:\WINDOWS\System32\RPCRT4.dll
0x00007ff8afd10000 - 0x00007ff8afeb0000 	C:\WINDOWS\System32\USER32.dll
0x00007ff8adde0000 - 0x00007ff8ade02000 	C:\WINDOWS\System32\win32u.dll
0x00007ff8ace90000 - 0x00007ff8ad12a000 	C:\WINDOWS\WinSxS\amd64_microsoft.windows.common-controls_6595b64144ccf1df_6.0.19041.1110_none_60b5254171f9507e\COMCTL32.dll
0x00007ff8b0040000 - 0x00007ff8b006a000 	C:\WINDOWS\System32\GDI32.dll
0x00007ff8ad8d0000 - 0x00007ff8ad9db000 	C:\WINDOWS\System32\gdi32full.dll
0x00007ff8ad9e0000 - 0x00007ff8ada7d000 	C:\WINDOWS\System32\msvcp_win.dll
0x00007ff8ab270000 - 0x00007ff8ab27a000 	C:\WINDOWS\SYSTEM32\VERSION.dll
0x00007ff8ae440000 - 0x00007ff8ae470000 	C:\WINDOWS\System32\IMM32.DLL
0x00007ff8a6710000 - 0x00007ff8a671c000 	C:\Program Files\Java\jdk-17.0.4.1\bin\vcruntime140_1.dll
0x00007ff899aa0000 - 0x00007ff899b2d000 	C:\Program Files\Java\jdk-17.0.4.1\bin\msvcp140.dll
0x00007ff884fa0000 - 0x00007ff885b62000 	C:\Program Files\Java\jdk-17.0.4.1\bin\server\jvm.dll
0x00007ff8aeef0000 - 0x00007ff8aeef8000 	C:\WINDOWS\System32\PSAPI.DLL
0x00007ff899470000 - 0x00007ff899479000 	C:\WINDOWS\SYSTEM32\WSOCK32.dll
0x00007ff8afeb0000 - 0x00007ff8aff1b000 	C:\WINDOWS\System32\WS2_32.dll
0x00007ff8a5c80000 - 0x00007ff8a5ca7000 	C:\WINDOWS\SYSTEM32\WINMM.dll
0x00007ff8aa8c0000 - 0x00007ff8aa8d2000 	C:\WINDOWS\SYSTEM32\kernel.appcore.dll
0x00007ff8a0560000 - 0x00007ff8a056a000 	C:\Program Files\Java\jdk-17.0.4.1\bin\jimage.dll
0x00007ff8ad250000 - 0x00007ff8ad434000 	C:\WINDOWS\SYSTEM32\DBGHELP.DLL
0x00007ff8ad150000 - 0x00007ff8ad17c000 	C:\WINDOWS\SYSTEM32\dbgcore.DLL
0x00007ff8add50000 - 0x00007ff8addd2000 	C:\WINDOWS\System32\bcryptPrimitives.dll
0x00007ff89ac10000 - 0x00007ff89ac35000 	C:\Program Files\Java\jdk-17.0.4.1\bin\java.dll
0x00007ff894db0000 - 0x00007ff894e86000 	C:\Program Files\Java\jdk-17.0.4.1\bin\jsvml.dll
0x00007ff8af4a0000 - 0x00007ff8afbe3000 	C:\WINDOWS\System32\SHELL32.dll
0x00007ff8aaac0000 - 0x00007ff8ab255000 	C:\WINDOWS\SYSTEM32\windows.storage.dll
0x00007ff8ae9a0000 - 0x00007ff8aecf4000 	C:\WINDOWS\System32\combase.dll
0x00007ff8acb00000 - 0x00007ff8acb30000 	C:\WINDOWS\SYSTEM32\Wldp.dll
0x00007ff8ae1d0000 - 0x00007ff8ae27d000 	C:\WINDOWS\System32\SHCORE.dll
0x00007ff8ae860000 - 0x00007ff8ae8b5000 	C:\WINDOWS\System32\shlwapi.dll
0x00007ff8ad710000 - 0x00007ff8ad72f000 	C:\WINDOWS\SYSTEM32\profapi.dll
0x00007ff8a0510000 - 0x00007ff8a0529000 	C:\Program Files\Java\jdk-17.0.4.1\bin\net.dll
0x00007ff8a0630000 - 0x00007ff8a073a000 	C:\WINDOWS\SYSTEM32\WINHTTP.dll
0x00007ff8ac8a0000 - 0x00007ff8ac90a000 	C:\WINDOWS\system32\mswsock.dll
0x00007ff89ac80000 - 0x00007ff89ac96000 	C:\Program Files\Java\jdk-17.0.4.1\bin\nio.dll
0x00007ff89abf0000 - 0x00007ff89ac08000 	C:\Program Files\Java\jdk-17.0.4.1\bin\zip.dll
0x00007ff8a0550000 - 0x00007ff8a0560000 	C:\Program Files\Java\jdk-17.0.4.1\bin\verify.dll
0x00007ff8ac590000 - 0x00007ff8ac5cb000 	C:\WINDOWS\SYSTEM32\IPHLPAPI.DLL
0x00007ff8aedb0000 - 0x00007ff8aedb8000 	C:\WINDOWS\System32\NSI.dll
0x00007ff8a5ef0000 - 0x00007ff8a5f07000 	C:\WINDOWS\SYSTEM32\dhcpcsvc6.DLL
0x00007ff8a5a90000 - 0x00007ff8a5aad000 	C:\WINDOWS\SYSTEM32\dhcpcsvc.DLL
0x00007ff8ac5d0000 - 0x00007ff8ac69a000 	C:\WINDOWS\SYSTEM32\DNSAPI.dll
0x00007ff89fe60000 - 0x00007ff89fe6a000 	C:\Windows\System32\rasadhlp.dll
0x00007ff8a01e0000 - 0x00007ff8a0260000 	C:\WINDOWS\System32\fwpuclnt.dll
0x00007ff8ae0e0000 - 0x00007ff8ae107000 	C:\WINDOWS\System32\bcrypt.dll
0x00007ff89f4e0000 - 0x00007ff89f4e9000 	C:\Program Files\Java\jdk-17.0.4.1\bin\management.dll
0x00007ff89ac50000 - 0x00007ff89ac5b000 	C:\Program Files\Java\jdk-17.0.4.1\bin\management_ext.dll
0x00007ff8778b0000 - 0x00007ff8778c7000 	C:\WINDOWS\system32\napinsp.dll
0x00007ff858f00000 - 0x00007ff858f1b000 	C:\WINDOWS\system32\pnrpnsp.dll
0x00007ff88da80000 - 0x00007ff88da95000 	C:\WINDOWS\system32\wshbth.dll
0x00007ff8a8490000 - 0x00007ff8a84ad000 	C:\WINDOWS\system32\NLAapi.dll
0x00007ff8589d0000 - 0x00007ff8589e2000 	C:\WINDOWS\System32\winrnr.dll
0x00007ff8ad560000 - 0x00007ff8ad578000 	C:\WINDOWS\SYSTEM32\CRYPTSP.dll
0x00007ff8ac240000 - 0x00007ff8ac274000 	C:\WINDOWS\system32\rsaenh.dll
0x00007ff8ad6d0000 - 0x00007ff8ad6fe000 	C:\WINDOWS\SYSTEM32\USERENV.dll
0x00007ff8aca90000 - 0x00007ff8aca9c000 	C:\WINDOWS\SYSTEM32\CRYPTBASE.dll
0x00007ff89abe0000 - 0x00007ff89abee000 	C:\Program Files\Java\jdk-17.0.4.1\bin\sunmscapi.dll
0x00007ff8ada80000 - 0x00007ff8adbd6000 	C:\WINDOWS\System32\CRYPT32.dll
0x00007ff8acb70000 - 0x00007ff8acb97000 	C:\WINDOWS\SYSTEM32\ncrypt.dll
0x00007ff8acb30000 - 0x00007ff8acb6b000 	C:\WINDOWS\SYSTEM32\NTASN1.dll
0x00007ff8a87e0000 - 0x00007ff8a87e7000 	C:\WINDOWS\system32\wshunix.dll

dbghelp: loaded successfully - version: 4.0.5 - missing functions: none
symbol engine: initialized successfully - sym options: 0x614 - pdb path: .;C:\Program Files\Java\jdk-17.0.4.1\bin;C:\WINDOWS\SYSTEM32;C:\WINDOWS\WinSxS\amd64_microsoft.windows.common-controls_6595b64144ccf1df_6.0.19041.1110_none_60b5254171f9507e;C:\Program Files\Java\jdk-17.0.4.1\bin\server

VM Arguments:
jvm_args: -Dfile.encoding=UTF-8 -XX:+ShowCodeDetailsInExceptionMessages 
java_command: com.himanshu.finance.internetbankingapigateway.InternetBankingApiGatewayApplication
java_class_path (initial): C:\Users\dell pc\Documents\Eclipse Workspace\Projects for Resume\Project2\internet-banking-api-gateway\target\classes;C:\Users\dell pc\.m2\repository\org\springframework\boot\spring-boot-starter-actuator\2.7.4\spring-boot-starter-actuator-2.7.4.jar;C:\Users\dell pc\.m2\repository\org\springframework\boot\spring-boot-starter\2.7.4\spring-boot-starter-2.7.4.jar;C:\Users\dell pc\.m2\repository\org\springframework\boot\spring-boot\2.7.4\spring-boot-2.7.4.jar;C:\Users\dell pc\.m2\repository\org\springframework\boot\spring-boot-autoconfigure\2.7.4\spring-boot-autoconfigure-2.7.4.jar;C:\Users\dell pc\.m2\repository\org\springframework\boot\spring-boot-starter-logging\2.7.4\spring-boot-starter-logging-2.7.4.jar;C:\Users\dell pc\.m2\repository\ch\qos\logback\logback-classic\1.2.11\logback-classic-1.2.11.jar;C:\Users\dell pc\.m2\repository\ch\qos\logback\logback-core\1.2.11\logback-core-1.2.11.jar;C:\Users\dell pc\.m2\repository\org\apache\logging\log4j\log4j-to-slf4j\2.17.2\log4j-to-slf4j-2.17.2.jar;C:\Users\dell pc\.m2\repository\org\apache\logging\log4j\log4j-api\2.17.2\log4j-api-2.17.2.jar;C:\Users\dell pc\.m2\repository\org\slf4j\jul-to-slf4j\1.7.36\jul-to-slf4j-1.7.36.jar;C:\Users\dell pc\.m2\repository\jakarta\annotation\jakarta.annotation-api\1.3.5\jakarta.annotation-api-1.3.5.jar;C:\Users\dell pc\.m2\repository\org\yaml\snakeyaml\1.30\snakeyaml-1.30.jar;C:\Users\dell pc\.m2\repository\org\springframework\boot\spring-boot-actuator-autoconfigure\2.7.4\spring-boot-actuator-autoconfigure-2.7.4.jar;C:\Users\dell pc\.m2\repository\org\springframework\boot\spring-boot-actuator\2.7.4\spring-boot-actuator-2.7.4.jar;C:\Users\dell pc\.m2\repository\com\fasterxml\jackson\core\jackson-databind\2.13.4\jackson-databind-2.13.4.jar;C:\Users\dell pc\.m2\repository\com\fasterxml\jackson\datatype\jackson-datatype-jsr310\2.13.4\jackson-datatype-jsr310-2.13.4.jar;C:\Users\dell pc\.m2\repository\io\micrometer\micrometer-core\1.9.4\micrometer-core-1.9.4.jar;C:\U
Launcher Type: SUN_STANDARD

[Global flags]
     intx CICompilerCount                          = 3                                         {product} {ergonomic}
     uint ConcGCThreads                            = 1                                         {product} {ergonomic}
     uint G1ConcRefinementThreads                  = 4                                         {product} {ergonomic}
   size_t G1HeapRegionSize                         = 1048576                                   {product} {ergonomic}
    uintx GCDrainStackTargetSize                   = 64                                        {product} {ergonomic}
   size_t InitialHeapSize                          = 134217728                                 {product} {ergonomic}
   size_t MarkStackSize                            = 4194304                                   {product} {ergonomic}
   size_t MaxHeapSize                              = 2118123520                                {product} {ergonomic}
   size_t MaxNewSize                               = 1270874112                                {product} {ergonomic}
   size_t MinHeapDeltaBytes                        = 1048576                                   {product} {ergonomic}
   size_t MinHeapSize                              = 8388608                                   {product} {ergonomic}
    uintx NonNMethodCodeHeapSize                   = 5832780                                {pd product} {ergonomic}
    uintx NonProfiledCodeHeapSize                  = 122912730                              {pd product} {ergonomic}
    uintx ProfiledCodeHeapSize                     = 122912730                              {pd product} {ergonomic}
    uintx ReservedCodeCacheSize                    = 251658240                              {pd product} {ergonomic}
     bool SegmentedCodeCache                       = true                                      {product} {ergonomic}
     bool ShowCodeDetailsInExceptionMessages       = true                                   {manageable} {command line}
   size_t SoftMaxHeapSize                          = 2118123520                             {manageable} {ergonomic}
     bool UseCompressedClassPointers               = true                           {product lp64_product} {ergonomic}
     bool UseCompressedOops                        = true                           {product lp64_product} {ergonomic}
     bool UseG1GC                                  = true                                      {product} {ergonomic}
     bool UseLargePagesIndividualAllocation        = false                                  {pd product} {ergonomic}

Logging:
Log output configuration:
 #0: stdout all=warning uptime,level,tags
 #1: stderr all=off uptime,level,tags

Environment Variables:
JAVA_HOME=C:\Program Files\Java\jdk-17.0.4.1
PATH=C:\Program Files\Common Files\Oracle\Java\javapath;C:\Program Files (x86)\Common Files\Oracle\Java\javapath;C:\ProgramData\Oracle\Java\javapath;C:\WINDOWS\system32;C:\WINDOWS;C:\WINDOWS\System32\Wbem;C:\WINDOWS\System32\WindowsPowerShell\v1.0\;C:\WINDOWS\System32\OpenSSH\;C:\Program Files (x86)\ATI Technologies\ATI.ACE\Core-Static;C:\Program Files\Intel\Intel(R) Management Engine Components\DAL;C:\Program Files\Intel\Intel(R) Management Engine Components\IPT;C:\Program Files (x86)\Intel\Intel(R) Management Engine Components\DAL;C:\Program Files (x86)\Intel\Intel(R) Management Engine Components\IPT;C:\Program Files\Intel\WiFi\bin\;C:\Program Files\Common Files\Intel\WirelessCommon\;C:\Program Files\apache-maven-3.8.3\bin;C:\Program Files\IDM Computer Solutions\UltraEdit;C:\Program Files\dotnet\;C:\Program Files\Git\cmd;C:\Program Files\Java\jdk-17.0.4.1\bin;C:\Program Files (x86)\Microsoft SQL Server\150\DTS\Binn\;C:\Program Files\Azure Data Studio\bin;C:\Users\dell pc\AppData\Local\Microsoft\WindowsApps;C:\Users\dell pc\AppData\Local\GitHubDesktop\bin;C:\Users\dell pc\AppData\Local\Microsoft\WindowsApps;C:\Program Files\Intel\WiFi\bin\;C:\Program Files\Common Files\Intel\WirelessCommon\;;C:\Program Files\Azure Data Studio\bin;C:\Program Files\Common Files\Oracle\Java\javapath;C:\Program Files (x86)\Common Files\Oracle\Java\javapath;C:\ProgramData\Oracle\Java\javapath;C:\WINDOWS\system32;C:\WINDOWS;C:\WINDOWS\System32\Wbem;C:\WINDOWS\System32\WindowsPowerShell\v1.0\;C:\WINDOWS\System32\OpenSSH\;C:\Program Files (x86)\ATI Technologies\ATI.ACE\Core-Static;C:\Program Files\Intel\Intel(R) Management Engine Components\DAL;C:\Program Files\Intel\Intel(R) Management Engine Components\IPT;C:\Program Files (x86)\Intel\Intel(R) Management Engine Components\DAL;C:\Program Files (x86)\Intel\Intel(R) Management Engine Components\IPT;C:\Program Files\Intel\WiFi\bin\;C:\Program Files\Common Files\Intel\WirelessCommon\;C:\Program Files\apache-maven-3.8.3\bin;C:\Program Files\IDM C
USERNAME=himanshu
OS=Windows_NT
PROCESSOR_IDENTIFIER=Intel64 Family 6 Model 69 Stepping 1, GenuineIntel



---------------  S Y S T E M  ---------------

OS:
 Windows 10 , 64 bit Build 19041 (10.0.19041.1889)
OS uptime: 2 days 11:25 hours

CPU: total 4 (initial active 4) (2 cores per cpu, 2 threads per core) family 6 model 69 stepping 1 microcode 0x25, cx8, cmov, fxsr, ht, mmx, sse, sse2, sse3, ssse3, sse4.1, sse4.2, popcnt, lzcnt, tsc, tscinvbit, avx, avx2, aes, erms, clmul, bmi1, bmi2, fma, vzeroupper, clflush

Memory: 4k page, system-wide physical 8072M (682M free)
TotalPageFile size 12072M (AvailPageFile size 18M)
current process WorkingSet (physical memory assigned to process): 165M, peak: 201M
current process commit charge ("private bytes"): 194M, peak: 275M

vm_info: Java HotSpot(TM) 64-Bit Server VM (17.0.4.1+1-LTS-2) for windows-amd64 JRE (17.0.4.1+1-LTS-2), built on Aug 16 2022 18:32:06 by "mach5one" with MS VC++ 16.8 / 16.9 (VS2019)

END.
